This file contains any messages produced by compilers while
running configure, to aid debugging if configure makes a mistake.

It was created by Poker-On-Terminal configure 0.1, which was
generated by GNU Autoconf 2.64.  Invocation command line was

  $ ./configure 

## --------- ##
## Platform. ##
## --------- ##

hostname = ladmin
uname -m = i686
uname -r = 2.6.26-2-686
uname -s = Linux
uname -v = #1 SMP Wed Aug 19 06:06:52 UTC 2009

/usr/bin/uname -p = unknown
/bin/uname -X     = unknown

/bin/arch              = unknown
/usr/bin/arch -k       = unknown
/usr/convex/getsysinfo = unknown
/usr/bin/hostinfo      = unknown
/bin/machine           = unknown
/usr/bin/oslevel       = unknown
/bin/universe          = unknown

PATH: /opt/intel/idb/10.0.026/bin
PATH: /opt/intel/fc/10.0.026/bin
PATH: /opt/intel/cc/10.1.008/bin
PATH: /usr/local/bin
PATH: /usr/bin
PATH: /bin
PATH: /usr/games
PATH: /opt/torque-2.2.1/bin
PATH: /opt/maui-3.2.6p20/bin
PATH: /opt/mpich2-1.0.6p1/bin
PATH: /opt/mpich2-1.0.6p1/sbin
PATH: /home/fangwei/bin
PATH: /home/fangwei/bin


## ----------- ##
## Core tests. ##
## ----------- ##

configure:2204: checking for a BSD-compatible install
configure:2272: result: /usr/bin/install -c
configure:2283: checking whether build environment is sane
configure:2333: result: yes
configure:2474: checking for a thread-safe mkdir -p
configure:2513: result: /bin/mkdir -p
configure:2526: checking for gawk
configure:2542: found /usr/bin/gawk
configure:2553: result: gawk
configure:2564: checking whether make sets $(MAKE)
configure:2586: result: yes
configure:2719: checking for gcc
configure:2735: found /usr/bin/gcc
configure:2746: result: gcc
configure:2975: checking for C compiler version
configure:2984: gcc --version >&5
gcc (Debian 4.3.2-1.1) 4.3.2
Copyright (C) 2008 Free Software Foundation, Inc.
This is free software; see the source for copying conditions.  There is NO
warranty; not even for MERCHANTABILITY or FITNESS FOR A PARTICULAR PURPOSE.

configure:2995: $? = 0
configure:2984: gcc -v >&5
Using built-in specs.
Target: i486-linux-gnu
Configured with: ../src/configure -v --with-pkgversion='Debian 4.3.2-1.1' --with-bugurl=file:///usr/share/doc/gcc-4.3/README.Bugs --enable-languages=c,c++,fortran,objc,obj-c++ --prefix=/usr --enable-shared --with-system-zlib --libexecdir=/usr/lib --without-included-gettext --enable-threads=posix --enable-nls --with-gxx-include-dir=/usr/include/c++/4.3 --program-suffix=-4.3 --enable-clocale=gnu --enable-libstdcxx-debug --enable-objc-gc --enable-mpfr --enable-targets=all --enable-cld --enable-checking=release --build=i486-linux-gnu --host=i486-linux-gnu --target=i486-linux-gnu
Thread model: posix
gcc version 4.3.2 (Debian 4.3.2-1.1) 
configure:2995: $? = 0
configure:2984: gcc -V >&5
gcc: '-V' option must have argument
configure:2995: $? = 1
configure:2984: gcc -qversion >&5
gcc: unrecognized option '-qversion'
gcc: no input files
configure:2995: $? = 1
configure:3017: checking for C compiler default output file name
configure:3039: gcc    conftest.c  >&5
configure:3043: $? = 0
configure:3080: result: a.out
configure:3096: checking whether the C compiler works
configure:3105: ./a.out
configure:3109: $? = 0
configure:3124: result: yes
configure:3131: checking whether we are cross compiling
configure:3133: result: no
configure:3136: checking for suffix of executables
configure:3143: gcc -o conftest    conftest.c  >&5
configure:3147: $? = 0
configure:3169: result: 
configure:3175: checking for suffix of object files
configure:3197: gcc -c   conftest.c >&5
configure:3201: $? = 0
configure:3222: result: o
configure:3226: checking whether we are using the GNU C compiler
configure:3245: gcc -c   conftest.c >&5
configure:3245: $? = 0
configure:3254: result: yes
configure:3263: checking whether gcc accepts -g
configure:3283: gcc -c -g  conftest.c >&5
configure:3283: $? = 0
configure:3324: result: yes
configure:3341: checking for gcc option to accept ISO C89
configure:3405: gcc  -c -g -O2  conftest.c >&5
configure:3405: $? = 0
configure:3418: result: none needed
configure:3449: checking for style of include used by make
configure:3477: result: GNU
configure:3502: checking dependency style of gcc
configure:3612: result: gcc3
configure:3635: checking how to run the C preprocessor
configure:3666: gcc -E  conftest.c
configure:3666: $? = 0
configure:3680: gcc -E  conftest.c
conftest.c:11:28: error: ac_nonexistent.h: No such file or directory
configure:3680: $? = 1
configure: failed program was:
| /* confdefs.h */
| #define PACKAGE_NAME "Poker-On-Terminal"
| #define PACKAGE_TARNAME "poker-on-terminal"
| #define PACKAGE_VERSION "0.1"
| #define PACKAGE_STRING "Poker-On-Terminal 0.1"
| #define PACKAGE_BUGREPORT "BUG-REPORT-ADDRESS"
| #define PACKAGE_URL ""
| #define PACKAGE "poker-on-terminal"
| #define VERSION "0.1"
| /* end confdefs.h.  */
| #include <ac_nonexistent.h>
configure:3705: result: gcc -E
configure:3725: gcc -E  conftest.c
configure:3725: $? = 0
configure:3739: gcc -E  conftest.c
conftest.c:11:28: error: ac_nonexistent.h: No such file or directory
configure:3739: $? = 1
configure: failed program was:
| /* confdefs.h */
| #define PACKAGE_NAME "Poker-On-Terminal"
| #define PACKAGE_TARNAME "poker-on-terminal"
| #define PACKAGE_VERSION "0.1"
| #define PACKAGE_STRING "Poker-On-Terminal 0.1"
| #define PACKAGE_BUGREPORT "BUG-REPORT-ADDRESS"
| #define PACKAGE_URL ""
| #define PACKAGE "poker-on-terminal"
| #define VERSION "0.1"
| /* end confdefs.h.  */
| #include <ac_nonexistent.h>
configure:3768: checking for grep that handles long lines and -e
configure:3826: result: /bin/grep
configure:3831: checking for egrep
configure:3893: result: /bin/grep -E
configure:3898: checking for ANSI C header files
configure:3918: gcc -c -g -O2  conftest.c >&5
configure:3918: $? = 0
configure:3991: gcc -o conftest -g -O2   conftest.c  >&5
configure:3991: $? = 0
configure:3991: ./conftest
configure:3991: $? = 0
configure:4002: result: yes
configure:4015: checking for sys/types.h
configure:4015: gcc -c -g -O2  conftest.c >&5
configure:4015: $? = 0
configure:4015: result: yes
configure:4015: checking for sys/stat.h
configure:4015: gcc -c -g -O2  conftest.c >&5
configure:4015: $? = 0
configure:4015: result: yes
configure:4015: checking for stdlib.h
configure:4015: gcc -c -g -O2  conftest.c >&5
configure:4015: $? = 0
configure:4015: result: yes
configure:4015: checking for string.h
configure:4015: gcc -c -g -O2  conftest.c >&5
configure:4015: $? = 0
configure:4015: result: yes
configure:4015: checking for memory.h
configure:4015: gcc -c -g -O2  conftest.c >&5
configure:4015: $? = 0
configure:4015: result: yes
configure:4015: checking for strings.h
configure:4015: gcc -c -g -O2  conftest.c >&5
configure:4015: $? = 0
configure:4015: result: yes
configure:4015: checking for inttypes.h
configure:4015: gcc -c -g -O2  conftest.c >&5
configure:4015: $? = 0
configure:4015: result: yes
configure:4015: checking for stdint.h
configure:4015: gcc -c -g -O2  conftest.c >&5
configure:4015: $? = 0
configure:4015: result: yes
configure:4015: checking for unistd.h
configure:4015: gcc -c -g -O2  conftest.c >&5
configure:4015: $? = 0
configure:4015: result: yes
configure:4031: checking arpa/inet.h usability
configure:4031: gcc -c -g -O2  conftest.c >&5
configure:4031: $? = 0
configure:4031: result: yes
configure:4031: checking arpa/inet.h presence
configure:4031: gcc -E  conftest.c
configure:4031: $? = 0
configure:4031: result: yes
configure:4031: checking for arpa/inet.h
configure:4031: result: yes
configure:4031: checking fcntl.h usability
configure:4031: gcc -c -g -O2  conftest.c >&5
configure:4031: $? = 0
configure:4031: result: yes
configure:4031: checking fcntl.h presence
configure:4031: gcc -E  conftest.c
configure:4031: $? = 0
configure:4031: result: yes
configure:4031: checking for fcntl.h
configure:4031: result: yes
configure:4031: checking locale.h usability
configure:4031: gcc -c -g -O2  conftest.c >&5
configure:4031: $? = 0
configure:4031: result: yes
configure:4031: checking locale.h presence
configure:4031: gcc -E  conftest.c
configure:4031: $? = 0
configure:4031: result: yes
configure:4031: checking for locale.h
configure:4031: result: yes
configure:4031: checking netinet/in.h usability
configure:4031: gcc -c -g -O2  conftest.c >&5
configure:4031: $? = 0
configure:4031: result: yes
configure:4031: checking netinet/in.h presence
configure:4031: gcc -E  conftest.c
configure:4031: $? = 0
configure:4031: result: yes
configure:4031: checking for netinet/in.h
configure:4031: result: yes
configure:4031: checking for stdlib.h
configure:4031: result: yes
configure:4031: checking for string.h
configure:4031: result: yes
configure:4031: checking sys/socket.h usability
configure:4031: gcc -c -g -O2  conftest.c >&5
configure:4031: $? = 0
configure:4031: result: yes
configure:4031: checking sys/socket.h presence
configure:4031: gcc -E  conftest.c
configure:4031: $? = 0
configure:4031: result: yes
configure:4031: checking for sys/socket.h
configure:4031: result: yes
configure:4031: checking sys/time.h usability
configure:4031: gcc -c -g -O2  conftest.c >&5
configure:4031: $? = 0
configure:4031: result: yes
configure:4031: checking sys/time.h presence
configure:4031: gcc -E  conftest.c
configure:4031: $? = 0
configure:4031: result: yes
configure:4031: checking for sys/time.h
configure:4031: result: yes
configure:4031: checking for unistd.h
configure:4031: result: yes
configure:4031: checking ncurses.h usability
configure:4031: gcc -c -g -O2  conftest.c >&5
configure:4031: $? = 0
configure:4031: result: yes
configure:4031: checking ncurses.h presence
configure:4031: gcc -E  conftest.c
configure:4031: $? = 0
configure:4031: result: yes
configure:4031: checking for ncurses.h
configure:4031: result: yes
configure:4044: checking for an ANSI C-conforming const
configure:4109: gcc -c -g -O2  conftest.c >&5
configure:4109: $? = 0
configure:4116: result: yes
configure:4124: checking for size_t
configure:4124: gcc -c -g -O2  conftest.c >&5
configure:4124: $? = 0
configure:4124: gcc -c -g -O2  conftest.c >&5
conftest.c: In function 'main':
conftest.c:67: error: expected expression before ')' token
configure:4124: $? = 1
configure: failed program was:
| /* confdefs.h */
| #define PACKAGE_NAME "Poker-On-Terminal"
| #define PACKAGE_TARNAME "poker-on-terminal"
| #define PACKAGE_VERSION "0.1"
| #define PACKAGE_STRING "Poker-On-Terminal 0.1"
| #define PACKAGE_BUGREPORT "BUG-REPORT-ADDRESS"
| #define PACKAGE_URL ""
| #define PACKAGE "poker-on-terminal"
| #define VERSION "0.1"
| #define STDC_HEADERS 1
| #define HAVE_SYS_TYPES_H 1
| #define HAVE_SYS_STAT_H 1
| #define HAVE_STDLIB_H 1
| #define HAVE_STRING_H 1
| #define HAVE_MEMORY_H 1
| #define HAVE_STRINGS_H 1
| #define HAVE_INTTYPES_H 1
| #define HAVE_STDINT_H 1
| #define HAVE_UNISTD_H 1
| #define HAVE_ARPA_INET_H 1
| #define HAVE_FCNTL_H 1
| #define HAVE_LOCALE_H 1
| #define HAVE_NETINET_IN_H 1
| #define HAVE_STDLIB_H 1
| #define HAVE_STRING_H 1
| #define HAVE_SYS_SOCKET_H 1
| #define HAVE_SYS_TIME_H 1
| #define HAVE_UNISTD_H 1
| #define HAVE_NCURSES_H 1
| /* end confdefs.h.  */
| #include <stdio.h>
| #ifdef HAVE_SYS_TYPES_H
| # include <sys/types.h>
| #endif
| #ifdef HAVE_SYS_STAT_H
| # include <sys/stat.h>
| #endif
| #ifdef STDC_HEADERS
| # include <stdlib.h>
| # include <stddef.h>
| #else
| # ifdef HAVE_STDLIB_H
| #  include <stdlib.h>
| # endif
| #endif
| #ifdef HAVE_STRING_H
| # if !defined STDC_HEADERS && defined HAVE_MEMORY_H
| #  include <memory.h>
| # endif
| # include <string.h>
| #endif
| #ifdef HAVE_STRINGS_H
| # include <strings.h>
| #endif
| #ifdef HAVE_INTTYPES_H
| # include <inttypes.h>
| #endif
| #ifdef HAVE_STDINT_H
| # include <stdint.h>
| #endif
| #ifdef HAVE_UNISTD_H
| # include <unistd.h>
| #endif
| int
| main ()
| {
| if (sizeof ((size_t)))
| 	    return 0;
|   ;
|   return 0;
| }
configure:4124: result: yes
configure:4135: checking whether time.h and sys/time.h may both be included
configure:4155: gcc -c -g -O2  conftest.c >&5
configure:4155: $? = 0
configure:4162: result: yes
configure:4170: checking whether struct tm is in sys/time.h or time.h
configure:4190: gcc -c -g -O2  conftest.c >&5
configure:4190: $? = 0
configure:4197: result: time.h
configure:4209: checking for stdlib.h
configure:4209: result: yes
configure:4219: checking for GNU libc compatible malloc
configure:4243: gcc -o conftest -g -O2   conftest.c  >&5
configure:4243: $? = 0
configure:4243: ./conftest
configure:4243: $? = 0
configure:4253: result: yes
configure:4274: checking return type of signal handlers
configure:4292: gcc -c -g -O2  conftest.c >&5
conftest.c: In function 'main':
conftest.c:40: error: void value not ignored as it ought to be
configure:4292: $? = 1
configure: failed program was:
| /* confdefs.h */
| #define PACKAGE_NAME "Poker-On-Terminal"
| #define PACKAGE_TARNAME "poker-on-terminal"
| #define PACKAGE_VERSION "0.1"
| #define PACKAGE_STRING "Poker-On-Terminal 0.1"
| #define PACKAGE_BUGREPORT "BUG-REPORT-ADDRESS"
| #define PACKAGE_URL ""
| #define PACKAGE "poker-on-terminal"
| #define VERSION "0.1"
| #define STDC_HEADERS 1
| #define HAVE_SYS_TYPES_H 1
| #define HAVE_SYS_STAT_H 1
| #define HAVE_STDLIB_H 1
| #define HAVE_STRING_H 1
| #define HAVE_MEMORY_H 1
| #define HAVE_STRINGS_H 1
| #define HAVE_INTTYPES_H 1
| #define HAVE_STDINT_H 1
| #define HAVE_UNISTD_H 1
| #define HAVE_ARPA_INET_H 1
| #define HAVE_FCNTL_H 1
| #define HAVE_LOCALE_H 1
| #define HAVE_NETINET_IN_H 1
| #define HAVE_STDLIB_H 1
| #define HAVE_STRING_H 1
| #define HAVE_SYS_SOCKET_H 1
| #define HAVE_SYS_TIME_H 1
| #define HAVE_UNISTD_H 1
| #define HAVE_NCURSES_H 1
| #define TIME_WITH_SYS_TIME 1
| #define HAVE_STDLIB_H 1
| #define HAVE_MALLOC 1
| /* end confdefs.h.  */
| #include <sys/types.h>
| #include <signal.h>
| 
| int
| main ()
| {
| return *(signal (0, 0)) (0) == 1;
|   ;
|   return 0;
| }
configure:4299: result: void
configure:4310: checking for alarm
configure:4310: gcc -o conftest -g -O2   conftest.c  >&5
configure:4310: $? = 0
configure:4310: result: yes
configure:4310: checking for gettimeofday
configure:4310: gcc -o conftest -g -O2   conftest.c  >&5
configure:4310: $? = 0
configure:4310: result: yes
configure:4310: checking for memset
configure:4310: gcc -o conftest -g -O2   conftest.c  >&5
conftest.c:60: warning: conflicting types for built-in function 'memset'
configure:4310: $? = 0
configure:4310: result: yes
configure:4310: checking for setlocale
configure:4310: gcc -o conftest -g -O2   conftest.c  >&5
configure:4310: $? = 0
configure:4310: result: yes
configure:4310: checking for socket
configure:4310: gcc -o conftest -g -O2   conftest.c  >&5
configure:4310: $? = 0
configure:4310: result: yes
configure:4310: checking for strpbrk
configure:4310: gcc -o conftest -g -O2   conftest.c  >&5
conftest.c:63: warning: conflicting types for built-in function 'strpbrk'
configure:4310: $? = 0
configure:4310: result: yes
configure:4362: checking for main in -lncursesw
configure:4381: gcc -o conftest -g -O2   conftest.c -lncursesw   >&5
configure:4381: $? = 0
configure:4390: result: yes
configure:4447: checking for ranlib
configure:4463: found /usr/bin/ranlib
configure:4474: result: ranlib
configure:4617: creating ./config.status

## ---------------------- ##
## Running config.status. ##
## ---------------------- ##

This file was extended by Poker-On-Terminal config.status 0.1, which was
generated by GNU Autoconf 2.64.  Invocation command line was

  CONFIG_FILES    = 
  CONFIG_HEADERS  = 
  CONFIG_LINKS    = 
  CONFIG_COMMANDS = 
  $ ./config.status 

on ladmin

config.status:867: creating Makefile
config.status:867: creating config.h
config.status:1039: config.h is unchanged
config.status:1087: executing depfiles commands

## ---------------- ##
## Cache variables. ##
## ---------------- ##

ac_cv_c_compiler_gnu=yes
ac_cv_c_const=yes
ac_cv_env_CC_set=
ac_cv_env_CC_value=
ac_cv_env_CFLAGS_set=
ac_cv_env_CFLAGS_value=
ac_cv_env_CPPFLAGS_set=
ac_cv_env_CPPFLAGS_value=
ac_cv_env_CPP_set=
ac_cv_env_CPP_value=
ac_cv_env_LDFLAGS_set=
ac_cv_env_LDFLAGS_value=
ac_cv_env_LIBS_set=
ac_cv_env_LIBS_value=
ac_cv_env_build_alias_set=
ac_cv_env_build_alias_value=
ac_cv_env_host_alias_set=
ac_cv_env_host_alias_value=
ac_cv_env_target_alias_set=
ac_cv_env_target_alias_value=
ac_cv_func_alarm=yes
ac_cv_func_gettimeofday=yes
ac_cv_func_malloc_0_nonnull=yes
ac_cv_func_memset=yes
ac_cv_func_setlocale=yes
ac_cv_func_socket=yes
ac_cv_func_strpbrk=yes
ac_cv_header_arpa_inet_h=yes
ac_cv_header_fcntl_h=yes
ac_cv_header_inttypes_h=yes
ac_cv_header_locale_h=yes
ac_cv_header_memory_h=yes
ac_cv_header_ncurses_h=yes
ac_cv_header_netinet_in_h=yes
ac_cv_header_stdc=yes
ac_cv_header_stdint_h=yes
ac_cv_header_stdlib_h=yes
ac_cv_header_string_h=yes
ac_cv_header_strings_h=yes
ac_cv_header_sys_socket_h=yes
ac_cv_header_sys_stat_h=yes
ac_cv_header_sys_time_h=yes
ac_cv_header_sys_types_h=yes
ac_cv_header_time=yes
ac_cv_header_unistd_h=yes
ac_cv_lib_ncursesw_main=yes
ac_cv_objext=o
ac_cv_path_EGREP='/bin/grep -E'
ac_cv_path_GREP=/bin/grep
ac_cv_path_install='/usr/bin/install -c'
ac_cv_path_mkdir=/bin/mkdir
ac_cv_prog_AWK=gawk
ac_cv_prog_CPP='gcc -E'
ac_cv_prog_ac_ct_CC=gcc
ac_cv_prog_ac_ct_RANLIB=ranlib
ac_cv_prog_cc_c89=
ac_cv_prog_cc_g=yes
ac_cv_prog_make_make_set=yes
ac_cv_struct_tm=time.h
ac_cv_type_signal=void
ac_cv_type_size_t=yes
am_cv_CC_dependencies_compiler_type=gcc3

## ----------------- ##
## Output variables. ##
## ----------------- ##

ACLOCAL='${SHELL} /home/fangwei/working/texas/POT-0524/confd/missing --run aclocal-1.11'
AMDEPBACKSLASH='\'
AMDEP_FALSE='#'
AMDEP_TRUE=''
AMTAR='${SHELL} /home/fangwei/working/texas/POT-0524/confd/missing --run tar'
AUTOCONF='${SHELL} /home/fangwei/working/texas/POT-0524/confd/missing --run autoconf'
AUTOHEADER='${SHELL} /home/fangwei/working/texas/POT-0524/confd/missing --run autoheader'
AUTOMAKE='${SHELL} /home/fangwei/working/texas/POT-0524/confd/missing --run automake-1.11'
AWK='gawk'
CC='gcc'
CCDEPMODE='depmode=gcc3'
CFLAGS='-g -O2 -DNCURSESW'
CPP='gcc -E'
CPPFLAGS=''
CYGPATH_W='echo'
DEFS='-DHAVE_CONFIG_H'
DEPDIR='.deps'
ECHO_C=''
ECHO_N='-n'
ECHO_T=''
EGREP='/bin/grep -E'
EXEEXT=''
GREP='/bin/grep'
INSTALL_DATA='${INSTALL} -m 644'
INSTALL_PROGRAM='${INSTALL}'
INSTALL_SCRIPT='${INSTALL}'
INSTALL_STRIP_PROGRAM='$(install_sh) -c -s'
LDFLAGS=''
LIBOBJS=''
LIBS=' -lncursesw'
LTLIBOBJS=''
MAKEINFO='${SHELL} /home/fangwei/working/texas/POT-0524/confd/missing --run makeinfo'
MKDIR_P='/bin/mkdir -p'
OBJEXT='o'
PACKAGE='poker-on-terminal'
PACKAGE_BUGREPORT='BUG-REPORT-ADDRESS'
PACKAGE_NAME='Poker-On-Terminal'
PACKAGE_STRING='Poker-On-Terminal 0.1'
PACKAGE_TARNAME='poker-on-terminal'
PACKAGE_URL=''
PACKAGE_VERSION='0.1'
PATH_SEPARATOR=':'
RANLIB='ranlib'
SET_MAKE=''
SHELL='/bin/sh'
STRIP=''
VERSION='0.1'
ac_ct_CC='gcc'
am__EXEEXT_FALSE=''
am__EXEEXT_TRUE='#'
am__fastdepCC_FALSE='#'
am__fastdepCC_TRUE=''
am__include='include'
am__isrc=''
am__leading_dot='.'
am__quote=''
am__tar='${AMTAR} chof - "$$tardir"'
am__untar='${AMTAR} xf -'
bindir='${exec_prefix}/bin'
build_alias=''
datadir='${datarootdir}'
datarootdir='${prefix}/share'
docdir='${datarootdir}/doc/${PACKAGE_TARNAME}'
dvidir='${docdir}'
exec_prefix='${prefix}'
host_alias=''
htmldir='${docdir}'
includedir='${prefix}/include'
infodir='${datarootdir}/info'
install_sh='${SHELL} /home/fangwei/working/texas/POT-0524/confd/install-sh'
libdir='${exec_prefix}/lib'
libexecdir='${exec_prefix}/libexec'
localedir='${datarootdir}/locale'
localstatedir='${prefix}/var'
mandir='${datarootdir}/man'
mkdir_p='/bin/mkdir -p'
oldincludedir='/usr/include'
pdfdir='${docdir}'
prefix='/usr/local'
program_transform_name='s,x,x,'
psdir='${docdir}'
sbindir='${exec_prefix}/sbin'
sharedstatedir='${prefix}/com'
sysconfdir='${prefix}/etc'
target_alias=''

## ----------- ##
## confdefs.h. ##
## ----------- ##

/* confdefs.h */
#define PACKAGE_NAME "Poker-On-Terminal"
#define PACKAGE_TARNAME "poker-on-terminal"
#define PACKAGE_VERSION "0.1"
#define PACKAGE_STRING "Poker-On-Terminal 0.1"
#define PACKAGE_BUGREPORT "BUG-REPORT-ADDRESS"
#define PACKAGE_URL ""
#define PACKAGE "poker-on-terminal"
#define VERSION "0.1"
#define STDC_HEADERS 1
#define HAVE_SYS_TYPES_H 1
#define HAVE_SYS_STAT_H 1
#define HAVE_STDLIB_H 1
#define HAVE_STRING_H 1
#define HAVE_MEMORY_H 1
#define HAVE_STRINGS_H 1
#define HAVE_INTTYPES_H 1
#define HAVE_STDINT_H 1
#define HAVE_UNISTD_H 1
#define HAVE_ARPA_INET_H 1
#define HAVE_FCNTL_H 1
#define HAVE_LOCALE_H 1
#define HAVE_NETINET_IN_H 1
#define HAVE_STDLIB_H 1
#define HAVE_STRING_H 1
#define HAVE_SYS_SOCKET_H 1
#define HAVE_SYS_TIME_H 1
#define HAVE_UNISTD_H 1
#define HAVE_NCURSES_H 1
#define TIME_WITH_SYS_TIME 1
#define HAVE_STDLIB_H 1
#define HAVE_MALLOC 1
#define RETSIGTYPE void
#define HAVE_ALARM 1
#define HAVE_GETTIMEOFDAY 1
#define HAVE_MEMSET 1
#define HAVE_SETLOCALE 1
#define HAVE_SOCKET 1
#define HAVE_STRPBRK 1

configure: exit 0
