This file contains any messages produced by compilers while
running configure, to aid debugging if configure makes a mistake.

It was created by Poker-On-Terminal configure 0.1, which was
generated by GNU Autoconf 2.65.  Invocation command line was

  $ ./configure --no-create --no-recursion

## --------- ##
## Platform. ##
## --------- ##

hostname = localhost.localdomain
uname -m = i686
uname -r = 2.6.34.7-56.fc13.i686.PAE
uname -s = Linux
uname -v = #1 SMP Wed Sep 15 03:27:15 UTC 2010

/usr/bin/uname -p = unknown
/bin/uname -X     = unknown

/bin/arch              = i686
/usr/bin/arch -k       = unknown
/usr/convex/getsysinfo = unknown
/usr/bin/hostinfo      = unknown
/bin/machine           = unknown
/usr/bin/oslevel       = unknown
/bin/universe          = unknown

PATH: /opt/texlive/2008/bin/i386-linux
PATH: /opt/intel/Compiler/11.1/046/bin/ia32
PATH: /opt/intel/Compiler/11.1/046/bin/ia32
PATH: /opt/texlive/2008/bin/i386-linux
PATH: /opt/intel/Compiler/11.1/046/bin/ia32
PATH: /opt/intel/Compiler/11.1/046/bin/ia32
PATH: /usr/lib/qt-3.3/bin
PATH: /usr/lib/mpich2/bin
PATH: /usr/kerberos/sbin
PATH: /usr/kerberos/bin
PATH: /usr/lib/ccache
PATH: /usr/local/bin
PATH: /usr/bin
PATH: /bin
PATH: /usr/local/sbin
PATH: /usr/sbin
PATH: /sbin
PATH: /usr/lib/alliance/bin
PATH: /home/zhaoshicao/bin
PATH: /usr/lib/alliance/bin


## ----------- ##
## Core tests. ##
## ----------- ##

configure:2207: checking for a BSD-compatible install
configure:2275: result: /usr/bin/install -c
configure:2286: checking whether build environment is sane
configure:2336: result: yes
configure:2477: checking for a thread-safe mkdir -p
configure:2516: result: /bin/mkdir -p
configure:2529: checking for gawk
configure:2545: found /usr/bin/gawk
configure:2556: result: gawk
configure:2567: checking whether make sets $(MAKE)
configure:2589: result: yes
configure:2722: checking for gcc
configure:2738: found /usr/lib/ccache/gcc
configure:2749: result: gcc
configure:2978: checking for C compiler version
configure:2987: gcc --version >&5
gcc (GCC) 4.4.4 20100630 (Red Hat 4.4.4-10)
Copyright (C) 2010 Free Software Foundation, Inc.
This is free software; see the source for copying conditions.  There is NO
warranty; not even for MERCHANTABILITY or FITNESS FOR A PARTICULAR PURPOSE.

configure:2998: $? = 0
configure:2987: gcc -v >&5
Using built-in specs.
Target: i686-redhat-linux
Configured with: ../configure --prefix=/usr --mandir=/usr/share/man --infodir=/usr/share/info --with-bugurl=http://bugzilla.redhat.com/bugzilla --enable-bootstrap --enable-shared --enable-threads=posix --enable-checking=release --with-system-zlib --enable-__cxa_atexit --disable-libunwind-exceptions --enable-gnu-unique-object --enable-languages=c,c++,objc,obj-c++,java,fortran,ada --enable-java-awt=gtk --disable-dssi --with-java-home=/usr/lib/jvm/java-1.5.0-gcj-1.5.0.0/jre --enable-libgcj-multifile --enable-java-maintainer-mode --with-ecj-jar=/usr/share/java/eclipse-ecj.jar --disable-libjava-multilib --with-ppl --with-cloog --with-tune=generic --with-arch=i686 --build=i686-redhat-linux
Thread model: posix
gcc version 4.4.4 20100630 (Red Hat 4.4.4-10) (GCC) 
configure:2998: $? = 0
configure:2987: gcc -V >&5
gcc: '-V' option must have argument
configure:2998: $? = 1
configure:2987: gcc -qversion >&5
gcc: unrecognized option '-qversion'
gcc: no input files
configure:2998: $? = 1
configure:3018: checking whether the C compiler works
configure:3040: gcc    conftest.c  >&5
configure:3044: $? = 0
configure:3093: result: yes
configure:3096: checking for C compiler default output file name
configure:3098: result: a.out
configure:3104: checking for suffix of executables
configure:3111: gcc -o conftest    conftest.c  >&5
configure:3115: $? = 0
configure:3137: result: 
configure:3159: checking whether we are cross compiling
configure:3167: gcc -o conftest    conftest.c  >&5
configure:3171: $? = 0
configure:3178: ./conftest
configure:3182: $? = 0
configure:3197: result: no
configure:3202: checking for suffix of object files
configure:3224: gcc -c   conftest.c >&5
configure:3228: $? = 0
configure:3249: result: o
configure:3253: checking whether we are using the GNU C compiler
configure:3272: gcc -c   conftest.c >&5
configure:3272: $? = 0
configure:3281: result: yes
configure:3290: checking whether gcc accepts -g
configure:3310: gcc -c -g  conftest.c >&5
configure:3310: $? = 0
configure:3351: result: yes
configure:3368: checking for gcc option to accept ISO C89
configure:3432: gcc  -c -g -O2  conftest.c >&5
configure:3432: $? = 0
configure:3445: result: none needed
configure:3476: checking for style of include used by make
configure:3504: result: GNU
configure:3529: checking dependency style of gcc
configure:3639: result: gcc3
configure:3662: checking how to run the C preprocessor
configure:3693: gcc -E  conftest.c
configure:3693: $? = 0
configure:3707: gcc -E  conftest.c
conftest.c:11:28: error: ac_nonexistent.h: No such file or directory
configure:3707: $? = 1
configure: failed program was:
| /* confdefs.h */
| #define PACKAGE_NAME "Poker-On-Terminal"
| #define PACKAGE_TARNAME "poker-on-terminal"
| #define PACKAGE_VERSION "0.1"
| #define PACKAGE_STRING "Poker-On-Terminal 0.1"
| #define PACKAGE_BUGREPORT "BUG-REPORT-ADDRESS"
| #define PACKAGE_URL ""
| #define PACKAGE "poker-on-terminal"
| #define VERSION "0.1"
| /* end confdefs.h.  */
| #include <ac_nonexistent.h>
configure:3732: result: gcc -E
configure:3752: gcc -E  conftest.c
configure:3752: $? = 0
configure:3766: gcc -E  conftest.c
conftest.c:11:28: error: ac_nonexistent.h: No such file or directory
configure:3766: $? = 1
configure: failed program was:
| /* confdefs.h */
| #define PACKAGE_NAME "Poker-On-Terminal"
| #define PACKAGE_TARNAME "poker-on-terminal"
| #define PACKAGE_VERSION "0.1"
| #define PACKAGE_STRING "Poker-On-Terminal 0.1"
| #define PACKAGE_BUGREPORT "BUG-REPORT-ADDRESS"
| #define PACKAGE_URL ""
| #define PACKAGE "poker-on-terminal"
| #define VERSION "0.1"
| /* end confdefs.h.  */
| #include <ac_nonexistent.h>
configure:3795: checking for grep that handles long lines and -e
configure:3853: result: /bin/grep
configure:3858: checking for egrep
configure:3920: result: /bin/grep -E
configure:3925: checking for ANSI C header files
configure:3945: gcc -c -g -O2  conftest.c >&5
configure:3945: $? = 0
configure:4018: gcc -o conftest -g -O2   conftest.c  >&5
configure:4018: $? = 0
configure:4018: ./conftest
configure:4018: $? = 0
configure:4029: result: yes
configure:4042: checking for sys/types.h
configure:4042: gcc -c -g -O2  conftest.c >&5
configure:4042: $? = 0
configure:4042: result: yes
configure:4042: checking for sys/stat.h
configure:4042: gcc -c -g -O2  conftest.c >&5
configure:4042: $? = 0
configure:4042: result: yes
configure:4042: checking for stdlib.h
configure:4042: gcc -c -g -O2  conftest.c >&5
configure:4042: $? = 0
configure:4042: result: yes
configure:4042: checking for string.h
configure:4042: gcc -c -g -O2  conftest.c >&5
configure:4042: $? = 0
configure:4042: result: yes
configure:4042: checking for memory.h
configure:4042: gcc -c -g -O2  conftest.c >&5
configure:4042: $? = 0
configure:4042: result: yes
configure:4042: checking for strings.h
configure:4042: gcc -c -g -O2  conftest.c >&5
configure:4042: $? = 0
configure:4042: result: yes
configure:4042: checking for inttypes.h
configure:4042: gcc -c -g -O2  conftest.c >&5
configure:4042: $? = 0
configure:4042: result: yes
configure:4042: checking for stdint.h
configure:4042: gcc -c -g -O2  conftest.c >&5
configure:4042: $? = 0
configure:4042: result: yes
configure:4042: checking for unistd.h
configure:4042: gcc -c -g -O2  conftest.c >&5
configure:4042: $? = 0
configure:4042: result: yes
configure:4058: checking arpa/inet.h usability
configure:4058: gcc -c -g -O2  conftest.c >&5
configure:4058: $? = 0
configure:4058: result: yes
configure:4058: checking arpa/inet.h presence
configure:4058: gcc -E  conftest.c
configure:4058: $? = 0
configure:4058: result: yes
configure:4058: checking for arpa/inet.h
configure:4058: result: yes
configure:4058: checking fcntl.h usability
configure:4058: gcc -c -g -O2  conftest.c >&5
configure:4058: $? = 0
configure:4058: result: yes
configure:4058: checking fcntl.h presence
configure:4058: gcc -E  conftest.c
configure:4058: $? = 0
configure:4058: result: yes
configure:4058: checking for fcntl.h
configure:4058: result: yes
configure:4058: checking locale.h usability
configure:4058: gcc -c -g -O2  conftest.c >&5
configure:4058: $? = 0
configure:4058: result: yes
configure:4058: checking locale.h presence
configure:4058: gcc -E  conftest.c
configure:4058: $? = 0
configure:4058: result: yes
configure:4058: checking for locale.h
configure:4058: result: yes
configure:4058: checking netinet/in.h usability
configure:4058: gcc -c -g -O2  conftest.c >&5
configure:4058: $? = 0
configure:4058: result: yes
configure:4058: checking netinet/in.h presence
configure:4058: gcc -E  conftest.c
configure:4058: $? = 0
configure:4058: result: yes
configure:4058: checking for netinet/in.h
configure:4058: result: yes
configure:4058: checking for stdlib.h
configure:4058: result: yes
configure:4058: checking for string.h
configure:4058: result: yes
configure:4058: checking sys/socket.h usability
configure:4058: gcc -c -g -O2  conftest.c >&5
configure:4058: $? = 0
configure:4058: result: yes
configure:4058: checking sys/socket.h presence
configure:4058: gcc -E  conftest.c
configure:4058: $? = 0
configure:4058: result: yes
configure:4058: checking for sys/socket.h
configure:4058: result: yes
configure:4058: checking sys/time.h usability
configure:4058: gcc -c -g -O2  conftest.c >&5
configure:4058: $? = 0
configure:4058: result: yes
configure:4058: checking sys/time.h presence
configure:4058: gcc -E  conftest.c
configure:4058: $? = 0
configure:4058: result: yes
configure:4058: checking for sys/time.h
configure:4058: result: yes
configure:4058: checking for unistd.h
configure:4058: result: yes
configure:4058: checking ncurses.h usability
configure:4058: gcc -c -g -O2  conftest.c >&5
configure:4058: $? = 0
configure:4058: result: yes
configure:4058: checking ncurses.h presence
configure:4058: gcc -E  conftest.c
configure:4058: $? = 0
configure:4058: result: yes
configure:4058: checking for ncurses.h
configure:4058: result: yes
configure:4071: checking for an ANSI C-conforming const
configure:4136: gcc -c -g -O2  conftest.c >&5
configure:4136: $? = 0
configure:4143: result: yes
configure:4151: checking for size_t
configure:4151: gcc -c -g -O2  conftest.c >&5
configure:4151: $? = 0
configure:4151: gcc -c -g -O2  conftest.c >&5
conftest.c: In function 'main':
conftest.c:67: error: expected expression before ')' token
configure:4151: $? = 1
configure: failed program was:
| /* confdefs.h */
| #define PACKAGE_NAME "Poker-On-Terminal"
| #define PACKAGE_TARNAME "poker-on-terminal"
| #define PACKAGE_VERSION "0.1"
| #define PACKAGE_STRING "Poker-On-Terminal 0.1"
| #define PACKAGE_BUGREPORT "BUG-REPORT-ADDRESS"
| #define PACKAGE_URL ""
| #define PACKAGE "poker-on-terminal"
| #define VERSION "0.1"
| #define STDC_HEADERS 1
| #define HAVE_SYS_TYPES_H 1
| #define HAVE_SYS_STAT_H 1
| #define HAVE_STDLIB_H 1
| #define HAVE_STRING_H 1
| #define HAVE_MEMORY_H 1
| #define HAVE_STRINGS_H 1
| #define HAVE_INTTYPES_H 1
| #define HAVE_STDINT_H 1
| #define HAVE_UNISTD_H 1
| #define HAVE_ARPA_INET_H 1
| #define HAVE_FCNTL_H 1
| #define HAVE_LOCALE_H 1
| #define HAVE_NETINET_IN_H 1
| #define HAVE_STDLIB_H 1
| #define HAVE_STRING_H 1
| #define HAVE_SYS_SOCKET_H 1
| #define HAVE_SYS_TIME_H 1
| #define HAVE_UNISTD_H 1
| #define HAVE_NCURSES_H 1
| /* end confdefs.h.  */
| #include <stdio.h>
| #ifdef HAVE_SYS_TYPES_H
| # include <sys/types.h>
| #endif
| #ifdef HAVE_SYS_STAT_H
| # include <sys/stat.h>
| #endif
| #ifdef STDC_HEADERS
| # include <stdlib.h>
| # include <stddef.h>
| #else
| # ifdef HAVE_STDLIB_H
| #  include <stdlib.h>
| # endif
| #endif
| #ifdef HAVE_STRING_H
| # if !defined STDC_HEADERS && defined HAVE_MEMORY_H
| #  include <memory.h>
| # endif
| # include <string.h>
| #endif
| #ifdef HAVE_STRINGS_H
| # include <strings.h>
| #endif
| #ifdef HAVE_INTTYPES_H
| # include <inttypes.h>
| #endif
| #ifdef HAVE_STDINT_H
| # include <stdint.h>
| #endif
| #ifdef HAVE_UNISTD_H
| # include <unistd.h>
| #endif
| int
| main ()
| {
| if (sizeof ((size_t)))
| 	    return 0;
|   ;
|   return 0;
| }
configure:4151: result: yes
configure:4162: checking whether time.h and sys/time.h may both be included
configure:4182: gcc -c -g -O2  conftest.c >&5
configure:4182: $? = 0
configure:4189: result: yes
configure:4197: checking whether struct tm is in sys/time.h or time.h
configure:4217: gcc -c -g -O2  conftest.c >&5
configure:4217: $? = 0
configure:4224: result: time.h
configure:4236: checking for stdlib.h
configure:4236: result: yes
configure:4246: checking for GNU libc compatible malloc
configure:4270: gcc -o conftest -g -O2   conftest.c  >&5
configure:4270: $? = 0
configure:4270: ./conftest
configure:4270: $? = 0
configure:4280: result: yes
configure:4301: checking return type of signal handlers
configure:4319: gcc -c -g -O2  conftest.c >&5
conftest.c: In function 'main':
conftest.c:40: error: void value not ignored as it ought to be
configure:4319: $? = 1
configure: failed program was:
| /* confdefs.h */
| #define PACKAGE_NAME "Poker-On-Terminal"
| #define PACKAGE_TARNAME "poker-on-terminal"
| #define PACKAGE_VERSION "0.1"
| #define PACKAGE_STRING "Poker-On-Terminal 0.1"
| #define PACKAGE_BUGREPORT "BUG-REPORT-ADDRESS"
| #define PACKAGE_URL ""
| #define PACKAGE "poker-on-terminal"
| #define VERSION "0.1"
| #define STDC_HEADERS 1
| #define HAVE_SYS_TYPES_H 1
| #define HAVE_SYS_STAT_H 1
| #define HAVE_STDLIB_H 1
| #define HAVE_STRING_H 1
| #define HAVE_MEMORY_H 1
| #define HAVE_STRINGS_H 1
| #define HAVE_INTTYPES_H 1
| #define HAVE_STDINT_H 1
| #define HAVE_UNISTD_H 1
| #define HAVE_ARPA_INET_H 1
| #define HAVE_FCNTL_H 1
| #define HAVE_LOCALE_H 1
| #define HAVE_NETINET_IN_H 1
| #define HAVE_STDLIB_H 1
| #define HAVE_STRING_H 1
| #define HAVE_SYS_SOCKET_H 1
| #define HAVE_SYS_TIME_H 1
| #define HAVE_UNISTD_H 1
| #define HAVE_NCURSES_H 1
| #define TIME_WITH_SYS_TIME 1
| #define HAVE_STDLIB_H 1
| #define HAVE_MALLOC 1
| /* end confdefs.h.  */
| #include <sys/types.h>
| #include <signal.h>
| 
| int
| main ()
| {
| return *(signal (0, 0)) (0) == 1;
|   ;
|   return 0;
| }
configure:4326: result: void
configure:4337: checking for alarm
configure:4337: gcc -o conftest -g -O2   conftest.c  >&5
configure:4337: $? = 0
configure:4337: result: yes
configure:4337: checking for gettimeofday
configure:4337: gcc -o conftest -g -O2   conftest.c  >&5
configure:4337: $? = 0
configure:4337: result: yes
configure:4337: checking for memset
configure:4337: gcc -o conftest -g -O2   conftest.c  >&5
conftest.c:60: warning: conflicting types for built-in function 'memset'
configure:4337: $? = 0
configure:4337: result: yes
configure:4337: checking for setlocale
configure:4337: gcc -o conftest -g -O2   conftest.c  >&5
configure:4337: $? = 0
configure:4337: result: yes
configure:4337: checking for socket
configure:4337: gcc -o conftest -g -O2   conftest.c  >&5
configure:4337: $? = 0
configure:4337: result: yes
configure:4337: checking for strpbrk
configure:4337: gcc -o conftest -g -O2   conftest.c  >&5
conftest.c:63: warning: conflicting types for built-in function 'strpbrk'
configure:4337: $? = 0
configure:4337: result: yes
configure:4389: checking for main in -lncursesw
configure:4408: gcc -o conftest -g -O2   conftest.c -lncursesw   >&5
configure:4408: $? = 0
configure:4417: result: yes
configure:4474: checking for ranlib
configure:4490: found /usr/bin/ranlib
configure:4501: result: ranlib
configure:4644: creating ./config.status

## ---------------- ##
## Cache variables. ##
## ---------------- ##

ac_cv_c_compiler_gnu=yes
ac_cv_c_const=yes
ac_cv_env_CC_set=
ac_cv_env_CC_value=
ac_cv_env_CFLAGS_set=
ac_cv_env_CFLAGS_value=
ac_cv_env_CPPFLAGS_set=
ac_cv_env_CPPFLAGS_value=
ac_cv_env_CPP_set=
ac_cv_env_CPP_value=
ac_cv_env_LDFLAGS_set=
ac_cv_env_LDFLAGS_value=
ac_cv_env_LIBS_set=
ac_cv_env_LIBS_value=
ac_cv_env_build_alias_set=
ac_cv_env_build_alias_value=
ac_cv_env_host_alias_set=
ac_cv_env_host_alias_value=
ac_cv_env_target_alias_set=
ac_cv_env_target_alias_value=
ac_cv_func_alarm=yes
ac_cv_func_gettimeofday=yes
ac_cv_func_malloc_0_nonnull=yes
ac_cv_func_memset=yes
ac_cv_func_setlocale=yes
ac_cv_func_socket=yes
ac_cv_func_strpbrk=yes
ac_cv_header_arpa_inet_h=yes
ac_cv_header_fcntl_h=yes
ac_cv_header_inttypes_h=yes
ac_cv_header_locale_h=yes
ac_cv_header_memory_h=yes
ac_cv_header_ncurses_h=yes
ac_cv_header_netinet_in_h=yes
ac_cv_header_stdc=yes
ac_cv_header_stdint_h=yes
ac_cv_header_stdlib_h=yes
ac_cv_header_string_h=yes
ac_cv_header_strings_h=yes
ac_cv_header_sys_socket_h=yes
ac_cv_header_sys_stat_h=yes
ac_cv_header_sys_time_h=yes
ac_cv_header_sys_types_h=yes
ac_cv_header_time=yes
ac_cv_header_unistd_h=yes
ac_cv_lib_ncursesw_main=yes
ac_cv_objext=o
ac_cv_path_EGREP='/bin/grep -E'
ac_cv_path_GREP=/bin/grep
ac_cv_path_install='/usr/bin/install -c'
ac_cv_path_mkdir=/bin/mkdir
ac_cv_prog_AWK=gawk
ac_cv_prog_CPP='gcc -E'
ac_cv_prog_ac_ct_CC=gcc
ac_cv_prog_ac_ct_RANLIB=ranlib
ac_cv_prog_cc_c89=
ac_cv_prog_cc_g=yes
ac_cv_prog_make_make_set=yes
ac_cv_struct_tm=time.h
ac_cv_type_signal=void
ac_cv_type_size_t=yes
am_cv_CC_dependencies_compiler_type=gcc3

## ----------------- ##
## Output variables. ##
## ----------------- ##

ACLOCAL='${SHELL} /home/zhaoshicao/potal/confd/missing --run aclocal-1.11'
AMDEPBACKSLASH='\'
AMDEP_FALSE='#'
AMDEP_TRUE=''
AMTAR='${SHELL} /home/zhaoshicao/potal/confd/missing --run tar'
AUTOCONF='${SHELL} /home/zhaoshicao/potal/confd/missing --run autoconf'
AUTOHEADER='${SHELL} /home/zhaoshicao/potal/confd/missing --run autoheader'
AUTOMAKE='${SHELL} /home/zhaoshicao/potal/confd/missing --run automake-1.11'
AWK='gawk'
CC='gcc'
CCDEPMODE='depmode=gcc3'
CFLAGS='-g -O2 -DNCURSESW'
CPP='gcc -E'
CPPFLAGS=''
CYGPATH_W='echo'
DEFS='-DHAVE_CONFIG_H'
DEPDIR='.deps'
ECHO_C=''
ECHO_N='-n'
ECHO_T=''
EGREP='/bin/grep -E'
EXEEXT=''
GREP='/bin/grep'
INSTALL_DATA='${INSTALL} -m 644'
INSTALL_PROGRAM='${INSTALL}'
INSTALL_SCRIPT='${INSTALL}'
INSTALL_STRIP_PROGRAM='$(install_sh) -c -s'
LDFLAGS=''
LIBOBJS=''
LIBS=' -lncursesw'
LTLIBOBJS=''
MAKEINFO='${SHELL} /home/zhaoshicao/potal/confd/missing --run makeinfo'
MKDIR_P='/bin/mkdir -p'
OBJEXT='o'
PACKAGE='poker-on-terminal'
PACKAGE_BUGREPORT='BUG-REPORT-ADDRESS'
PACKAGE_NAME='Poker-On-Terminal'
PACKAGE_STRING='Poker-On-Terminal 0.1'
PACKAGE_TARNAME='poker-on-terminal'
PACKAGE_URL=''
PACKAGE_VERSION='0.1'
PATH_SEPARATOR=':'
RANLIB='ranlib'
SET_MAKE=''
SHELL='/bin/sh'
STRIP=''
VERSION='0.1'
ac_ct_CC='gcc'
am__EXEEXT_FALSE=''
am__EXEEXT_TRUE='#'
am__fastdepCC_FALSE='#'
am__fastdepCC_TRUE=''
am__include='include'
am__isrc=''
am__leading_dot='.'
am__quote=''
am__tar='${AMTAR} chof - "$$tardir"'
am__untar='${AMTAR} xf -'
bindir='${exec_prefix}/bin'
build_alias=''
datadir='${datarootdir}'
datarootdir='${prefix}/share'
docdir='${datarootdir}/doc/${PACKAGE_TARNAME}'
dvidir='${docdir}'
exec_prefix='${prefix}'
host_alias=''
htmldir='${docdir}'
includedir='${prefix}/include'
infodir='${datarootdir}/info'
install_sh='${SHELL} /home/zhaoshicao/potal/confd/install-sh'
libdir='${exec_prefix}/lib'
libexecdir='${exec_prefix}/libexec'
localedir='${datarootdir}/locale'
localstatedir='${prefix}/var'
mandir='${datarootdir}/man'
mkdir_p='/bin/mkdir -p'
oldincludedir='/usr/include'
pdfdir='${docdir}'
prefix='/usr/local'
program_transform_name='s,x,x,'
psdir='${docdir}'
sbindir='${exec_prefix}/sbin'
sharedstatedir='${prefix}/com'
sysconfdir='${prefix}/etc'
target_alias=''

## ----------- ##
## confdefs.h. ##
## ----------- ##

/* confdefs.h */
#define PACKAGE_NAME "Poker-On-Terminal"
#define PACKAGE_TARNAME "poker-on-terminal"
#define PACKAGE_VERSION "0.1"
#define PACKAGE_STRING "Poker-On-Terminal 0.1"
#define PACKAGE_BUGREPORT "BUG-REPORT-ADDRESS"
#define PACKAGE_URL ""
#define PACKAGE "poker-on-terminal"
#define VERSION "0.1"
#define STDC_HEADERS 1
#define HAVE_SYS_TYPES_H 1
#define HAVE_SYS_STAT_H 1
#define HAVE_STDLIB_H 1
#define HAVE_STRING_H 1
#define HAVE_MEMORY_H 1
#define HAVE_STRINGS_H 1
#define HAVE_INTTYPES_H 1
#define HAVE_STDINT_H 1
#define HAVE_UNISTD_H 1
#define HAVE_ARPA_INET_H 1
#define HAVE_FCNTL_H 1
#define HAVE_LOCALE_H 1
#define HAVE_NETINET_IN_H 1
#define HAVE_STDLIB_H 1
#define HAVE_STRING_H 1
#define HAVE_SYS_SOCKET_H 1
#define HAVE_SYS_TIME_H 1
#define HAVE_UNISTD_H 1
#define HAVE_NCURSES_H 1
#define TIME_WITH_SYS_TIME 1
#define HAVE_STDLIB_H 1
#define HAVE_MALLOC 1
#define RETSIGTYPE void
#define HAVE_ALARM 1
#define HAVE_GETTIMEOFDAY 1
#define HAVE_MEMSET 1
#define HAVE_SETLOCALE 1
#define HAVE_SOCKET 1
#define HAVE_STRPBRK 1

configure: exit 0

## ---------------------- ##
## Running config.status. ##
## ---------------------- ##

This file was extended by Poker-On-Terminal config.status 0.1, which was
generated by GNU Autoconf 2.65.  Invocation command line was

  CONFIG_FILES    = 
  CONFIG_HEADERS  = 
  CONFIG_LINKS    = 
  CONFIG_COMMANDS = 
  $ ./config.status 

on localhost.localdomain

config.status:871: creating Makefile
config.status:871: creating config.h
config.status:1043: config.h is unchanged
config.status:1091: executing depfiles commands

## ---------------------- ##
## Running config.status. ##
## ---------------------- ##

This file was extended by Poker-On-Terminal config.status 0.1, which was
generated by GNU Autoconf 2.65.  Invocation command line was

  CONFIG_FILES    = 
  CONFIG_HEADERS  = 
  CONFIG_LINKS    = 
  CONFIG_COMMANDS = 
  $ ./config.status config.h

on localhost.localdomain

config.status:871: creating config.h
config.status:1043: config.h is unchanged
